<?xml version="1.0" encoding="UTF-8"?>
<!-- Generated by org.testng.reporters.JUnitXMLReporter -->
<testsuite hostname="BLR-2FFDJM2-10L" ignored="0" name="Test" tests="2" failures="1" timestamp="2020-11-01T16:44:31 IST" time="17.805" errors="0">
  <testcase name="verifyTitle" time="0.024" classname="com.OrangeHRMlive.Tests.LoginTest"/>
  <testcase name="verifyLogout" time="0.0" classname="com.OrangeHRMlive.Tests.LoginTest">
    <failure type="org.testng.TestNGException" message="
Cannot inject @Test annotated Method [verifyLogout] with [class com.OrangeHRMlive.Utility.Controller].
For more information on native dependency injection please refer to https://testng.org/doc/documentation-main.html#native-dependency-injection">
      <![CDATA[org.testng.TestNGException: 
Cannot inject @Test annotated Method [verifyLogout] with [class com.OrangeHRMlive.Utility.Controller].
For more information on native dependency injection please refer to https://testng.org/doc/documentation-main.html#native-dependency-injection
at java.util.ArrayList.forEach(Unknown Source)
... Removed 26 stack frames]]>
    </failure>
  </testcase> <!-- verifyLogout -->
</testsuite> <!-- Test -->
