<?xml version="1.0" encoding="UTF-8"?>
<!-- Generated by org.testng.reporters.JUnitXMLReporter -->
<testsuite hostname="BLR-2FFDJM2-10L" ignored="0" name="Default test" tests="3" failures="0" timestamp="2020-11-01T10:18:17 IST" time="20.85" errors="0">
  <testcase name="verifyAddPersonalDetailsAndClickOnSave" time="3.851" classname="com.OrangeHRMlive.Tests.MyInfoTest"/>
  <testcase name="verifyPersonalDetails" time="0.06" classname="com.OrangeHRMlive.Tests.MyInfoTest"/>
  <testcase name="verifyLogout" time="1.242" classname="com.OrangeHRMlive.Tests.MyInfoTest"/>
</testsuite> <!-- Default test -->
